digraph Tree {
node [shape=box, style="filled, rounded", color="black", fontname=helvetica] ;
edge [fontname=helvetica] ;
0 [label=<number_project &le; 2.5<br/>samples = 100.0%<br/>value = [0.65, 0.35]<br/>class = stayed>, fillcolor="#e5813977"] ;
1 [label=<average_montly_hours &le; 161.5<br/>samples = 16.2%<br/>value = [0.4, 0.6]<br/>class = left>, fillcolor="#399de555"] ;
0 -> 1 [labeldistance=2.5, labelangle=45, headlabel="True"] ;
2 [label=<last_evaluation &le; 0.57<br/>samples = 12.1%<br/>value = [0.28, 0.72]<br/>class = left>, fillcolor="#399de59a"] ;
1 -> 2 ;
3 [label=<last_evaluation &le; 0.44<br/>samples = 11.1%<br/>value = [0.25, 0.75]<br/>class = left>, fillcolor="#399de5ac"] ;
2 -> 3 ;
4 [label="(...)", fillcolor="#C0C0C0"] ;
3 -> 4 ;
13 [label="(...)", fillcolor="#C0C0C0"] ;
3 -> 13 ;
356 [label=<time_spend_company &le; 3.5<br/>samples = 1.0%<br/>value = [0.69, 0.31]<br/>class = stayed>, fillcolor="#e581398e"] ;
2 -> 356 ;
357 [label="(...)", fillcolor="#C0C0C0"] ;
356 -> 357 ;
374 [label="(...)", fillcolor="#C0C0C0"] ;
356 -> 374 ;
387 [label=<last_evaluation &le; 0.99<br/>samples = 4.1%<br/>value = [0.75, 0.25]<br/>class = stayed>, fillcolor="#e58139a9"] ;
1 -> 387 ;
388 [label=<average_montly_hours &le; 173.5<br/>samples = 4.0%<br/>value = [0.76, 0.24]<br/>class = stayed>, fillcolor="#e58139af"] ;
387 -> 388 ;
389 [label="(...)", fillcolor="#C0C0C0"] ;
388 -> 389 ;
406 [label="(...)", fillcolor="#C0C0C0"] ;
388 -> 406 ;
505 [label=<average_montly_hours &le; 206.0<br/>samples = 0.1%<br/>value = [0.25, 0.75]<br/>class = left>, fillcolor="#399de5aa"] ;
387 -> 505 ;
506 [label="(...)", fillcolor="#C0C0C0"] ;
505 -> 506 ;
507 [label="(...)", fillcolor="#C0C0C0"] ;
505 -> 507 ;
508 [label=<time_spend_company &le; 3.5<br/>samples = 83.8%<br/>value = [0.7, 0.3]<br/>class = stayed>, fillcolor="#e5813992"] ;
0 -> 508 [labeldistance=2.5, labelangle=-45, headlabel="False"] ;
509 [label=<average_montly_hours &le; 289.0<br/>samples = 50.4%<br/>value = [0.8, 0.2]<br/>class = stayed>, fillcolor="#e58139c0"] ;
508 -> 509 ;
510 [label=<number_project &le; 6.5<br/>samples = 50.3%<br/>value = [0.81, 0.19]<br/>class = stayed>, fillcolor="#e58139c1"] ;
509 -> 510 ;
511 [label="(...)", fillcolor="#C0C0C0"] ;
510 -> 511 ;
2094 [label="(...)", fillcolor="#C0C0C0"] ;
510 -> 2094 ;
2095 [label=<last_evaluation &le; 0.89<br/>samples = 0.2%<br/>value = [0.08, 0.92]<br/>class = left>, fillcolor="#399de5e8"] ;
509 -> 2095 ;
2096 [label="(...)", fillcolor="#C0C0C0"] ;
2095 -> 2096 ;
2097 [label="(...)", fillcolor="#C0C0C0"] ;
2095 -> 2097 ;
2098 [label=<average_montly_hours &le; 218.5<br/>samples = 33.4%<br/>value = [0.55, 0.45]<br/>class = stayed>, fillcolor="#e581392d"] ;
508 -> 2098 ;
2099 [label=<last_evaluation &le; 0.53<br/>samples = 13.8%<br/>value = [0.76, 0.24]<br/>class = stayed>, fillcolor="#e58139af"] ;
2098 -> 2099 ;
2100 [label="(...)", fillcolor="#C0C0C0"] ;
2099 -> 2100 ;
2145 [label="(...)", fillcolor="#C0C0C0"] ;
2099 -> 2145 ;
2510 [label=<last_evaluation &le; 0.76<br/>samples = 19.6%<br/>value = [0.4, 0.6]<br/>class = left>, fillcolor="#399de557"] ;
2098 -> 2510 ;
2511 [label="(...)", fillcolor="#C0C0C0"] ;
2510 -> 2511 ;
2626 [label="(...)", fillcolor="#C0C0C0"] ;
2510 -> 2626 ;
}