digraph Tree {
node [shape=box, style="filled, rounded", color="black", fontname=helvetica] ;
edge [fontname=helvetica] ;
0 [label=<number_project &le; 2.5<br/>samples = 100.0%<br/>value = [0.65, 0.35]<br/>class = stayed>, fillcolor="#e5813978"] ;
1 [label=<average_montly_hours &le; 161.5<br/>samples = 16.1%<br/>value = [0.41, 0.59]<br/>class = left>, fillcolor="#399de54d"] ;
0 -> 1 [labeldistance=2.5, labelangle=45, headlabel="True"] ;
2 [label=<last_evaluation &le; 0.57<br/>samples = 12.1%<br/>value = [0.3, 0.7]<br/>class = left>, fillcolor="#399de58f"] ;
1 -> 2 ;
3 [label=<average_montly_hours &le; 125.5<br/>samples = 11.0%<br/>value = [0.26, 0.74]<br/>class = left>, fillcolor="#399de5a5"] ;
2 -> 3 ;
4 [label=<time_spend_company &le; 5.0<br/>samples = 0.4%<br/>value = [0.83, 0.17]<br/>class = stayed>, fillcolor="#e58139ca"] ;
3 -> 4 ;
5 [label="(...)", fillcolor="#C0C0C0"] ;
4 -> 5 ;
12 [label="(...)", fillcolor="#C0C0C0"] ;
4 -> 12 ;
21 [label=<time_spend_company &le; 2.5<br/>samples = 10.7%<br/>value = [0.24, 0.76]<br/>class = left>, fillcolor="#399de5ae"] ;
3 -> 21 ;
22 [label="(...)", fillcolor="#C0C0C0"] ;
21 -> 22 ;
27 [label="(...)", fillcolor="#C0C0C0"] ;
21 -> 27 ;
502 [label=<last_evaluation &le; 0.94<br/>samples = 1.1%<br/>value = [0.75, 0.25]<br/>class = stayed>, fillcolor="#e58139ab"] ;
2 -> 502 ;
503 [label=<average_montly_hours &le; 157.5<br/>samples = 0.9%<br/>value = [0.8, 0.2]<br/>class = stayed>, fillcolor="#e58139be"] ;
502 -> 503 ;
504 [label="(...)", fillcolor="#C0C0C0"] ;
503 -> 504 ;
541 [label="(...)", fillcolor="#C0C0C0"] ;
503 -> 541 ;
542 [label=<time_spend_company &le; 4.5<br/>samples = 0.2%<br/>value = [0.5, 0.5]<br/>class = stayed>, fillcolor="#e5813900"] ;
502 -> 542 ;
543 [label="(...)", fillcolor="#C0C0C0"] ;
542 -> 543 ;
550 [label="(...)", fillcolor="#C0C0C0"] ;
542 -> 550 ;
551 [label=<last_evaluation &le; 0.99<br/>samples = 4.0%<br/>value = [0.74, 0.26]<br/>class = stayed>, fillcolor="#e58139a4"] ;
1 -> 551 ;
552 [label=<average_montly_hours &le; 298.5<br/>samples = 3.8%<br/>value = [0.75, 0.25]<br/>class = stayed>, fillcolor="#e58139aa"] ;
551 -> 552 ;
553 [label=<average_montly_hours &le; 274.5<br/>samples = 3.8%<br/>value = [0.75, 0.25]<br/>class = stayed>, fillcolor="#e58139ac"] ;
552 -> 553 ;
554 [label="(...)", fillcolor="#C0C0C0"] ;
553 -> 554 ;
721 [label="(...)", fillcolor="#C0C0C0"] ;
553 -> 721 ;
722 [label=<samples = 0.0%<br/>value = [0.0, 1.0]<br/>class = left>, fillcolor="#399de5ff"] ;
552 -> 722 ;
723 [label=<average_montly_hours &le; 208.5<br/>samples = 0.2%<br/>value = [0.42, 0.58]<br/>class = left>, fillcolor="#399de549"] ;
551 -> 723 ;
724 [label=<samples = 0.0%<br/>value = [1.0, 0.0]<br/>class = stayed>, fillcolor="#e58139ff"] ;
723 -> 724 ;
725 [label=<average_montly_hours &le; 249.0<br/>samples = 0.1%<br/>value = [0.3, 0.7]<br/>class = left>, fillcolor="#399de592"] ;
723 -> 725 ;
726 [label="(...)", fillcolor="#C0C0C0"] ;
725 -> 726 ;
727 [label="(...)", fillcolor="#C0C0C0"] ;
725 -> 727 ;
734 [label=<time_spend_company &le; 3.5<br/>samples = 83.9%<br/>value = [0.7, 0.3]<br/>class = stayed>, fillcolor="#e5813992"] ;
0 -> 734 [labeldistance=2.5, labelangle=-45, headlabel="False"] ;
735 [label=<average_montly_hours &le; 290.0<br/>samples = 50.7%<br/>value = [0.8, 0.2]<br/>class = stayed>, fillcolor="#e58139be"] ;
734 -> 735 ;
736 [label=<number_project &le; 5.5<br/>samples = 50.5%<br/>value = [0.8, 0.2]<br/>class = stayed>, fillcolor="#e58139bf"] ;
735 -> 736 ;
737 [label=<last_evaluation &le; 0.93<br/>samples = 49.2%<br/>value = [0.8, 0.2]<br/>class = stayed>, fillcolor="#e58139c0"] ;
736 -> 737 ;
738 [label="(...)", fillcolor="#C0C0C0"] ;
737 -> 738 ;
2873 [label="(...)", fillcolor="#C0C0C0"] ;
737 -> 2873 ;
3178 [label=<last_evaluation &le; 0.39<br/>samples = 1.3%<br/>value = [0.67, 0.33]<br/>class = stayed>, fillcolor="#e5813981"] ;
736 -> 3178 ;
3179 [label="(...)", fillcolor="#C0C0C0"] ;
3178 -> 3179 ;
3180 [label="(...)", fillcolor="#C0C0C0"] ;
3178 -> 3180 ;
3265 [label=<last_evaluation &le; 0.89<br/>samples = 0.1%<br/>value = [0.11, 0.89]<br/>class = left>, fillcolor="#399de5df"] ;
735 -> 3265 ;
3266 [label=<samples = 0.1%<br/>value = [0.0, 1.0]<br/>class = left>, fillcolor="#399de5ff"] ;
3265 -> 3266 ;
3267 [label=<last_evaluation &le; 0.94<br/>samples = 0.0%<br/>value = [0.5, 0.5]<br/>class = stayed>, fillcolor="#e5813900"] ;
3265 -> 3267 ;
3268 [label="(...)", fillcolor="#C0C0C0"] ;
3267 -> 3268 ;
3269 [label="(...)", fillcolor="#C0C0C0"] ;
3267 -> 3269 ;
3270 [label=<average_montly_hours &le; 218.5<br/>samples = 33.3%<br/>value = [0.55, 0.45]<br/>class = stayed>, fillcolor="#e5813931"] ;
734 -> 3270 ;
3271 [label=<last_evaluation &le; 0.41<br/>samples = 13.8%<br/>value = [0.76, 0.24]<br/>class = stayed>, fillcolor="#e58139ad"] ;
3270 -> 3271 ;
3272 [label=<average_montly_hours &le; 177.5<br/>samples = 0.7%<br/>value = [0.9, 0.1]<br/>class = stayed>, fillcolor="#e58139e3"] ;
3271 -> 3272 ;
3273 [label="(...)", fillcolor="#C0C0C0"] ;
3272 -> 3273 ;
3296 [label="(...)", fillcolor="#C0C0C0"] ;
3272 -> 3296 ;
3297 [label=<average_montly_hours &le; 215.5<br/>samples = 13.1%<br/>value = [0.75, 0.25]<br/>class = stayed>, fillcolor="#e58139aa"] ;
3271 -> 3297 ;
3298 [label="(...)", fillcolor="#C0C0C0"] ;
3297 -> 3298 ;
3945 [label="(...)", fillcolor="#C0C0C0"] ;
3297 -> 3945 ;
3994 [label=<last_evaluation &le; 0.76<br/>samples = 19.5%<br/>value = [0.41, 0.59]<br/>class = left>, fillcolor="#399de54f"] ;
3270 -> 3994 ;
3995 [label=<average_montly_hours &le; 288.5<br/>samples = 4.5%<br/>value = [0.75, 0.25]<br/>class = stayed>, fillcolor="#e58139a9"] ;
3994 -> 3995 ;
3996 [label="(...)", fillcolor="#C0C0C0"] ;
3995 -> 3996 ;
4217 [label="(...)", fillcolor="#C0C0C0"] ;
3995 -> 4217 ;
4218 [label=<time_spend_company &le; 6.5<br/>samples = 14.9%<br/>value = [0.3, 0.7]<br/>class = left>, fillcolor="#399de58f"] ;
3994 -> 4218 ;
4219 [label="(...)", fillcolor="#C0C0C0"] ;
4218 -> 4219 ;
4922 [label="(...)", fillcolor="#C0C0C0"] ;
4218 -> 4922 ;
}